mode: set
github.com/talat-shaheen/vmstate-operator/controllers/aws/awsec2_controller.go:49.98,55.2 2 0
github.com/talat-shaheen/vmstate-operator/controllers/aws/awsec2_controller.go:58.69,62.2 1 0
github.com/talat-shaheen/vmstate-operator/controllers/awsmanager/awsmanager_controller.go:57.102,67.16 5 0
github.com/talat-shaheen/vmstate-operator/controllers/awsmanager/awsmanager_controller.go:80.2,89.42 5 0
github.com/talat-shaheen/vmstate-operator/controllers/awsmanager/awsmanager_controller.go:142.2,142.27 1 0
github.com/talat-shaheen/vmstate-operator/controllers/awsmanager/awsmanager_controller.go:67.16,68.29 1 0
github.com/talat-shaheen/vmstate-operator/controllers/awsmanager/awsmanager_controller.go:76.3,77.28 2 0
github.com/talat-shaheen/vmstate-operator/controllers/awsmanager/awsmanager_controller.go:68.29,74.4 2 0
github.com/talat-shaheen/vmstate-operator/controllers/awsmanager/awsmanager_controller.go:89.42,94.17 4 0
github.com/talat-shaheen/vmstate-operator/controllers/awsmanager/awsmanager_controller.go:99.3,99.41 1 0
github.com/talat-shaheen/vmstate-operator/controllers/awsmanager/awsmanager_controller.go:94.17,97.4 2 0
github.com/talat-shaheen/vmstate-operator/controllers/awsmanager/awsmanager_controller.go:100.8,100.23 1 0
github.com/talat-shaheen/vmstate-operator/controllers/awsmanager/awsmanager_controller.go:100.23,103.3 2 0
github.com/talat-shaheen/vmstate-operator/controllers/awsmanager/awsmanager_controller.go:146.151,297.2 5 0
github.com/talat-shaheen/vmstate-operator/controllers/awsmanager/awsmanager_controller.go:300.73,305.2 1 0
github.com/talat-shaheen/vmstate-operator/controllers/azure/azureavm_controller.go:49.100,55.2 2 0
github.com/talat-shaheen/vmstate-operator/controllers/azure/azureavm_controller.go:58.71,62.2 1 0
github.com/talat-shaheen/vmstate-operator/controllers/gcp/gcpgce_controller.go:49.98,55.2 2 0
github.com/talat-shaheen/vmstate-operator/controllers/gcp/gcpgce_controller.go:58.69,62.2 1 0
