mode: set
github.com/talat-shaheen/vmstate-operator/controllers/awsmanager/awsmanager_controller.go:57.102,67.16 5 0
github.com/talat-shaheen/vmstate-operator/controllers/awsmanager/awsmanager_controller.go:80.2,89.42 5 0
github.com/talat-shaheen/vmstate-operator/controllers/awsmanager/awsmanager_controller.go:142.2,142.27 1 0
github.com/talat-shaheen/vmstate-operator/controllers/awsmanager/awsmanager_controller.go:67.16,68.29 1 0
github.com/talat-shaheen/vmstate-operator/controllers/awsmanager/awsmanager_controller.go:76.3,77.28 2 0
github.com/talat-shaheen/vmstate-operator/controllers/awsmanager/awsmanager_controller.go:68.29,74.4 2 0
github.com/talat-shaheen/vmstate-operator/controllers/awsmanager/awsmanager_controller.go:89.42,94.17 4 0
github.com/talat-shaheen/vmstate-operator/controllers/awsmanager/awsmanager_controller.go:99.3,99.41 1 0
github.com/talat-shaheen/vmstate-operator/controllers/awsmanager/awsmanager_controller.go:94.17,97.4 2 0
github.com/talat-shaheen/vmstate-operator/controllers/awsmanager/awsmanager_controller.go:100.8,100.23 1 0
github.com/talat-shaheen/vmstate-operator/controllers/awsmanager/awsmanager_controller.go:100.23,103.3 2 0
github.com/talat-shaheen/vmstate-operator/controllers/awsmanager/awsmanager_controller.go:146.151,235.2 7 0
github.com/talat-shaheen/vmstate-operator/controllers/awsmanager/awsmanager_controller.go:238.73,243.2 1 0
github.com/talat-shaheen/vmstate-operator/controllers/aws/awsec2_controller.go:60.98,75.16 6 0
github.com/talat-shaheen/vmstate-operator/controllers/aws/awsec2_controller.go:93.2,96.42 3 0
github.com/talat-shaheen/vmstate-operator/controllers/aws/awsec2_controller.go:191.2,192.31 2 0
github.com/talat-shaheen/vmstate-operator/controllers/aws/awsec2_controller.go:217.2,217.64 1 0
github.com/talat-shaheen/vmstate-operator/controllers/aws/awsec2_controller.go:227.2,227.27 1 0
github.com/talat-shaheen/vmstate-operator/controllers/aws/awsec2_controller.go:75.16,76.29 1 0
github.com/talat-shaheen/vmstate-operator/controllers/aws/awsec2_controller.go:84.3,85.28 2 0
github.com/talat-shaheen/vmstate-operator/controllers/aws/awsec2_controller.go:76.29,82.4 2 0
github.com/talat-shaheen/vmstate-operator/controllers/aws/awsec2_controller.go:96.42,101.17 4 0
github.com/talat-shaheen/vmstate-operator/controllers/aws/awsec2_controller.go:106.3,106.41 1 0
github.com/talat-shaheen/vmstate-operator/controllers/aws/awsec2_controller.go:101.17,104.4 2 0
github.com/talat-shaheen/vmstate-operator/controllers/aws/awsec2_controller.go:107.8,107.23 1 0
github.com/talat-shaheen/vmstate-operator/controllers/aws/awsec2_controller.go:107.23,110.3 2 0
github.com/talat-shaheen/vmstate-operator/controllers/aws/awsec2_controller.go:192.31,193.64 1 0
github.com/talat-shaheen/vmstate-operator/controllers/aws/awsec2_controller.go:213.3,213.28 1 0
github.com/talat-shaheen/vmstate-operator/controllers/aws/awsec2_controller.go:193.64,199.56 3 0
github.com/talat-shaheen/vmstate-operator/controllers/aws/awsec2_controller.go:205.4,207.18 3 0
github.com/talat-shaheen/vmstate-operator/controllers/aws/awsec2_controller.go:210.4,211.25 2 0
github.com/talat-shaheen/vmstate-operator/controllers/aws/awsec2_controller.go:199.56,201.5 1 0
github.com/talat-shaheen/vmstate-operator/controllers/aws/awsec2_controller.go:207.18,209.5 1 0
github.com/talat-shaheen/vmstate-operator/controllers/aws/awsec2_controller.go:217.64,222.17 5 0
github.com/talat-shaheen/vmstate-operator/controllers/aws/awsec2_controller.go:222.17,224.4 1 0
github.com/talat-shaheen/vmstate-operator/controllers/aws/awsec2_controller.go:229.92,239.42 5 0
github.com/talat-shaheen/vmstate-operator/controllers/aws/awsec2_controller.go:254.2,254.12 1 0
github.com/talat-shaheen/vmstate-operator/controllers/aws/awsec2_controller.go:239.42,244.17 4 0
github.com/talat-shaheen/vmstate-operator/controllers/aws/awsec2_controller.go:249.3,249.13 1 0
github.com/talat-shaheen/vmstate-operator/controllers/aws/awsec2_controller.go:244.17,247.4 2 0
github.com/talat-shaheen/vmstate-operator/controllers/aws/awsec2_controller.go:250.8,250.23 1 0
github.com/talat-shaheen/vmstate-operator/controllers/aws/awsec2_controller.go:250.23,253.3 2 0
github.com/talat-shaheen/vmstate-operator/controllers/aws/awsec2_controller.go:258.92,319.2 4 0
github.com/talat-shaheen/vmstate-operator/controllers/aws/awsec2_controller.go:321.67,327.2 1 0
github.com/talat-shaheen/vmstate-operator/controllers/aws/awsec2_controller.go:330.69,335.2 1 0
github.com/talat-shaheen/vmstate-operator/controllers/azure/azureavm_controller.go:49.100,55.2 2 0
github.com/talat-shaheen/vmstate-operator/controllers/azure/azureavm_controller.go:58.71,62.2 1 0
github.com/talat-shaheen/vmstate-operator/controllers/gcp/gcpgce_controller.go:49.98,55.2 2 0
github.com/talat-shaheen/vmstate-operator/controllers/gcp/gcpgce_controller.go:58.69,62.2 1 0
